<?xml version="1.0" encoding="UTF-8"?>
<!-- Generated by org.testng.reporters.JUnitReportReporter -->
<testsuite hostname="ubuntu22" failures="0" tests="1" name="com.testng.itestcontext.DataProviderSmokeTest" time="0.005" errors="0" timestamp="2022-07-25T17:56:59 IST" skipped="0">
  <testcase classname="com.testng.itestcontext.DataProviderSmokeTest" name="smokeTest" time="0.005"/>
  <system-out/>
</testsuite> <!-- com.testng.itestcontext.DataProviderSmokeTest -->
