<?xml version="1.0" encoding="UTF-8"?>
<!-- Generated by org.testng.reporters.JUnitReportReporter -->
<testsuite hostname="ubuntu22" failures="0" tests="2" name="com.testng.practice.Sample1" time="0.002" errors="0" timestamp="2022-07-25T17:55:29 IST" skipped="0">
  <testcase classname="com.testng.practice.Sample1" name="method1" time="0.001"/>
  <system-out/>
  <testcase classname="com.testng.practice.Sample1" name="method2" time="0.001"/>
  <system-out/>
</testsuite> <!-- com.testng.practice.Sample1 -->
