<?xml version="1.0" encoding="UTF-8"?>
<!-- Generated by org.testng.reporters.JUnitReportReporter -->
<testsuite hostname="ubuntu22" failures="0" tests="1" name="TestFacebookFeed" time="0.001" errors="0" timestamp="2022-07-25T17:56:59 IST" skipped="0">
  <testcase classname="TestFacebookFeed" name="testFacebookFeed" time="0.001"/>
  <system-out/>
</testsuite> <!-- TestFacebookFeed -->
