<?xml version="1.0" encoding="UTF-8"?>
<!-- Generated by org.testng.reporters.JUnitReportReporter -->
<testsuite hostname="ubuntu22" failures="0" tests="3" name="com.testng.itestcontext.DataProviderParameters" time="0.004" errors="0" timestamp="2022-07-25T17:56:59 IST" skipped="0">
  <testcase classname="com.testng.itestcontext.DataProviderParameters" name="scenario2" time="0.001"/>
  <system-out/>
  <testcase classname="com.testng.itestcontext.DataProviderParameters" name="scenario1" time="0.001"/>
  <system-out/>
  <testcase classname="com.testng.itestcontext.DataProviderParameters" name="commonscenario" time="0.002"/>
  <system-out/>
</testsuite> <!-- com.testng.itestcontext.DataProviderParameters -->
