<?xml version="1.0" encoding="UTF-8"?>
<!-- Generated by org.testng.reporters.JUnitReportReporter -->
<testsuite hostname="ubuntu22" failures="0" tests="1" name="FirstTest" time="0.002" errors="0" timestamp="2022-07-25T17:56:59 IST" skipped="0">
  <testcase classname="FirstTest" name="test1" time="0.002"/>
  <system-out/>
</testsuite> <!-- FirstTest -->
