<?xml version="1.0" encoding="UTF-8"?>
<!-- Generated by org.testng.reporters.JUnitReportReporter -->
<testsuite hostname="ubuntu22" failures="0" tests="1" name="com.testng.itestcontext.DataProviderUnitTest" time="0.001" errors="0" timestamp="2022-07-25T17:56:59 IST" skipped="0">
  <testcase classname="com.testng.itestcontext.DataProviderUnitTest" name="unitTest" time="0.001"/>
  <system-out/>
</testsuite> <!-- com.testng.itestcontext.DataProviderUnitTest -->
